<?xml version="1.0" encoding="UTF-8" ?>
<testsuite errors="0" failures="1" hostname="LAPT-DGO-01" name="TestPackage.Test" skipped="0" tests="1" time="0.107" timestamp="2016-10-18T05:33:12">
  <properties>
[...]
</properties>
  <testcase classname="TestPackage.Test" name="testSum" time="0.006">
    <failure message="expected:&lt;11&gt; but was:&lt;101&gt;" type="junit.framework.AssertionFailedError">junit.framework.AssertionFailedError: expected:&lt;11&gt; but was:&lt;101&gt;
	at TestPackage.Test.testSum(Test.java:14)
</failure>
  </testcase>
  <system-out><![CDATA[]]></system-out>
  <system-err><![CDATA[]]></system-err>
</testsuite>
